<?xml version="1.0" encoding="UTF-8"?>
<!-- Generated by org.testng.reporters.JUnitReportReporter -->
<testsuite hostname="LAPTOP-8S9GMAJI" failures="0" tests="2" name="Testpack.TestNG" time="9.925" errors="0" timestamp="2022-07-12T19:12:46 IST" skipped="0">
  <testcase classname="Testpack.TestNG" name="varifyUrlAndTitle" time="5.926"/>
  <system-out/>
  <testcase classname="Testpack.TestNG" name="calculation" time="3.999"/>
  <system-out/>
</testsuite> <!-- Testpack.TestNG -->
