<?xml version="1.0" encoding="UTF-8"?>
<!-- Generated by org.testng.reporters.JUnitReportReporter -->
<testsuite hostname="LAPTOP-8S9GMAJI" failures="0" tests="1" name="Testpack.PractTestNg$ClassTestNg" time="0.008" errors="0" timestamp="2022-06-22T22:39:29 IST" skipped="0">
  <testcase classname="Testpack.PractTestNg$ClassTestNg" name="test1" time="0.008"/>
  <system-out/>
</testsuite> <!-- Testpack.PractTestNg$ClassTestNg -->
