<?xml version="1.0" encoding="UTF-8"?>
<!-- Generated by org.testng.reporters.JUnitReportReporter -->
<testsuite hostname="LAPTOP-8S9GMAJI" failures="0" tests="3" name="Testpack.TestNg2" time="46.239" errors="0" timestamp="2022-07-01T18:44:13 IST" skipped="0">
  <testcase classname="Testpack.TestNg2" name="varifyURLandTitle" time="4.352"/>
  <system-out/>
  <testcase classname="Testpack.TestNg2" name="varifyURLandTitle" time="14.008"/>
  <system-out/>
  <testcase classname="Testpack.TestNg2" name="homePageOperation" time="27.879"/>
  <system-out/>
</testsuite> <!-- Testpack.TestNg2 -->
